<?xml version="1.0" encoding="UTF-8"?>
<!-- Generated by org.testng.reporters.JUnitXMLReporter -->
<testsuite ignored="5" hostname="Manoj-Surface" failures="0" tests="1" name="Default test" time="4.372" errors="0" timestamp="2022-11-09T18:29:38 GMT">
  <testcase classname="IgniteTest.RegUIScript" name="ValidateCompleteForm" time="4.309"/>
  <testcase classname="IgniteTest.RegUIScript" name="EmailValidation" time="0.0">
    <ignored/>
  </testcase> <!-- EmailValidation -->
  <testcase classname="IgniteTest.RegUIScript" name="AntiXSSValidation" time="0.0">
    <ignored/>
  </testcase> <!-- AntiXSSValidation -->
  <testcase classname="IgniteTest.RegUIScript" name="DOBValidation" time="0.0">
    <ignored/>
  </testcase> <!-- DOBValidation -->
  <testcase classname="IgniteTest.RegUIScript" name="ValidateRequiredFields" time="0.0">
    <ignored/>
  </testcase> <!-- ValidateRequiredFields -->
  <testcase classname="IgniteTest.RegUIScript" name="PhoneValidation" time="0.0">
    <ignored/>
  </testcase> <!-- PhoneValidation -->
</testsuite> <!-- Default test -->
